Starting a Gradle Daemon (subsequent builds will be faster)
> Task :checkKotlinGradlePluginConfigurationErrors
> Task :processResources UP-TO-DATE
> Task :compileKotlin
> Task :compileJava NO-SOURCE
> Task :classes UP-TO-DATE
> Task :resolveMainClassName

> Task :bootRun

  .   ____          _            __ _ _
 /\\ / ___'_ __ _ _(_)_ __  __ _ \ \ \ \
( ( )\___ | '_ | '_| | '_ \/ _` | \ \ \ \
 \\/  ___)| |_)| | | | | || (_| |  ) ) ) )
  '  |____| .__|_| |_|_| |_\__, | / / / /
 =========|_|==============|___/=/_/_/_/

 :: Spring Boot ::                (v3.5.0)

2025-07-03T17:29:06.635Z  INFO 3225 --- [demo] [           main] com.example.demo.DemoApplicationKt       : Starting DemoApplicationKt using Java 17.0.10 with PID 3225 (/workspace/KazaniOnBackend/build/classes/kotlin/main started by ubuntu in /workspace/KazaniOnBackend)
2025-07-03T17:29:06.638Z  INFO 3225 --- [demo] [           main] com.example.demo.DemoApplicationKt       : No active profile set, falling back to 1 default profile: "default"
2025-07-03T17:29:07.029Z  INFO 3225 --- [demo] [           main] .s.d.r.c.RepositoryConfigurationDelegate : Bootstrapping Spring Data JPA repositories in DEFAULT mode.
2025-07-03T17:29:07.065Z  INFO 3225 --- [demo] [           main] .s.d.r.c.RepositoryConfigurationDelegate : Finished Spring Data repository scanning in 30 ms. Found 3 JPA repository interfaces.
2025-07-03T17:29:07.334Z  INFO 3225 --- [demo] [           main] o.s.b.w.embedded.tomcat.TomcatWebServer  : Tomcat initialized with port 8080 (http)
2025-07-03T17:29:07.342Z  INFO 3225 --- [demo] [           main] o.apache.catalina.core.StandardService   : Starting service [Tomcat]
2025-07-03T17:29:07.342Z  INFO 3225 --- [demo] [           main] o.apache.catalina.core.StandardEngine    : Starting Servlet engine: [Apache Tomcat/10.1.41]
2025-07-03T17:29:07.370Z  INFO 3225 --- [demo] [           main] o.a.c.c.C.[Tomcat].[localhost].[/]       : Initializing Spring embedded WebApplicationContext
2025-07-03T17:29:07.371Z  INFO 3225 --- [demo] [           main] w.s.c.ServletWebServerApplicationContext : Root WebApplicationContext: initialization completed in 704 ms
2025-07-03T17:29:07.465Z  INFO 3225 --- [demo] [           main] o.hibernate.jpa.internal.util.LogHelper  : HHH000204: Processing PersistenceUnitInfo [name: default]
2025-07-03T17:29:07.489Z  INFO 3225 --- [demo] [           main] org.hibernate.Version                    : HHH000412: Hibernate ORM core version 6.6.15.Final
2025-07-03T17:29:07.506Z  INFO 3225 --- [demo] [           main] o.h.c.internal.RegionFactoryInitiator    : HHH000026: Second-level cache disabled
2025-07-03T17:29:07.652Z  INFO 3225 --- [demo] [           main] o.s.o.j.p.SpringPersistenceUnitInfo      : No LoadTimeWeaver setup: ignoring JPA class transformer
2025-07-03T17:29:07.668Z  INFO 3225 --- [demo] [           main] com.zaxxer.hikari.HikariDataSource       : HikariPool-1 - Starting...
2025-07-03T17:29:07.762Z  INFO 3225 --- [demo] [           main] com.zaxxer.hikari.pool.HikariPool        : HikariPool-1 - Added connection conn0: url=jdbc:h2:mem:testdb user=SA
2025-07-03T17:29:07.763Z  INFO 3225 --- [demo] [           main] com.zaxxer.hikari.HikariDataSource       : HikariPool-1 - Start completed.
2025-07-03T17:29:07.776Z  WARN 3225 --- [demo] [           main] org.hibernate.orm.deprecation            : HHH90000025: H2Dialect does not need to be specified explicitly using 'hibernate.dialect' (remove the property setting and it will be selected by default)
2025-07-03T17:29:07.788Z  INFO 3225 --- [demo] [           main] org.hibernate.orm.connections.pooling    : HHH10001005: Database info:
	Database JDBC URL [Connecting through datasource 'HikariDataSource (HikariPool-1)']
	Database driver: undefined/unknown
	Database version: 2.3.232
	Autocommit mode: undefined/unknown
	Isolation level: undefined/unknown
	Minimum pool size: undefined/unknown
	Maximum pool size: undefined/unknown
2025-07-03T17:29:08.221Z  INFO 3225 --- [demo] [           main] o.h.e.t.j.p.i.JtaPlatformInitiator       : HHH000489: No JTA platform available (set 'hibernate.transaction.jta.platform' to enable JTA platform integration)
Hibernate: create table notifications (id bigint generated by default as identity, created_at timestamp(6), message varchar(255), title varchar(255), primary key (id))
Hibernate: create table poll (id bigint generated by default as identity, category_id bigint, created_at timestamp(6) not null, description varchar(255) not null, end_date timestamp(6), image_url varchar(255), is_active boolean not null, latitude float(53), link_url varchar(255), longitude float(53), max_completions integer, points integer not null, price float(53), radius float(53), required_level integer not null, start_date timestamp(6), title varchar(255) not null, primary key (id))
Hibernate: create table users (id bigint generated by default as identity, username varchar(255), primary key (id))
2025-07-03T17:29:08.257Z  INFO 3225 --- [demo] [           main] j.LocalContainerEntityManagerFactoryBean : Initialized JPA EntityManagerFactory for persistence unit 'default'
2025-07-03T17:29:08.563Z  INFO 3225 --- [demo] [           main] o.s.d.j.r.query.QueryEnhancerFactory     : Hibernate is in classpath; If applicable, HQL parser will be used.
2025-07-03T17:29:08.801Z  WARN 3225 --- [demo] [           main] JpaBaseConfiguration$JpaWebConfiguration : spring.jpa.open-in-view is enabled by default. Therefore, database queries may be performed during view rendering. Explicitly configure spring.jpa.open-in-view to disable this warning
2025-07-03T17:29:08.950Z  INFO 3225 --- [demo] [           main] o.s.b.a.h2.H2ConsoleAutoConfiguration    : H2 console available at '/h2-console'. Database available at 'jdbc:h2:mem:testdb'
2025-07-03T17:29:08.994Z  INFO 3225 --- [demo] [           main] o.s.b.w.embedded.tomcat.TomcatWebServer  : Tomcat started on port 8080 (http) with context path '/'
2025-07-03T17:29:09.001Z  INFO 3225 --- [demo] [           main] com.example.demo.DemoApplicationKt       : Started DemoApplicationKt in 2.608 seconds (process running for 2.757)
🔧 DataInitializer started - but skipping database modifications
✅ Application ready without database changes
2025-07-03T17:29:37.487Z  INFO 3225 --- [demo] [nio-8080-exec-1] o.a.c.c.C.[Tomcat].[localhost].[/]       : Initializing Spring DispatcherServlet 'dispatcherServlet'
2025-07-03T17:29:37.487Z  INFO 3225 --- [demo] [nio-8080-exec-1] o.s.web.servlet.DispatcherServlet        : Initializing Servlet 'dispatcherServlet'
2025-07-03T17:29:37.488Z  INFO 3225 --- [demo] [nio-8080-exec-1] o.s.web.servlet.DispatcherServlet        : Completed initialization in 1 ms
Hibernate: select u1_0.id,u1_0.username from users u1_0
🔍 ADMIN PANEL DEBUG: Found 0 users
Hibernate: select p1_0.id,p1_0.category_id,p1_0.created_at,p1_0.description,p1_0.end_date,p1_0.image_url,p1_0.is_active,p1_0.latitude,p1_0.link_url,p1_0.longitude,p1_0.max_completions,p1_0.points,p1_0.price,p1_0.radius,p1_0.required_level,p1_0.start_date,p1_0.title from poll p1_0
